<?xml version="1.0" encoding="UTF-8"?>
<testsuite name="HeroTest" tests="2" skipped="0" failures="0" errors="0" timestamp="2017-04-28T11:42:21" hostname="Deathstar" time="0.027">
  <properties/>
  <testcase name="Hero_instantiatesCorrectly_True" classname="HeroTest" time="0.008"/>
  <testcase name="Hero_instantiatesWithName_String" classname="HeroTest" time="0.013"/>
  <system-out><![CDATA[]]></system-out>
  <system-err><![CDATA[]]></system-err>
</testsuite>
